<?xml version="1.0" encoding="UTF-8"?>
<testng-results ignored="0" total="1" passed="1" failed="0" skipped="0">
  <reporter-output>
  </reporter-output>
  <suite started-at="2021-09-05T20:43:25 IST" name="Suite" finished-at="2021-09-05T20:43:25 IST" duration-ms="102">
    <groups>
    </groups>
    <test started-at="2021-09-05T20:43:25 IST" name="Test" finished-at="2021-09-05T20:43:25 IST" duration-ms="102">
      <class name="TestNGDevops.TestNGDevOps">
        <test-method is-config="true" signature="beforeTest()[pri:0, instance:TestNGDevops.TestNGDevOps@793f29ff]" started-at="2021-09-05T20:43:25 IST" name="beforeTest" finished-at="2021-09-05T20:43:25 IST" duration-ms="18" status="PASS">
          <reporter-output>
          </reporter-output>
        </test-method> <!-- beforeTest -->
        <test-method signature="f()[pri:0, instance:TestNGDevops.TestNGDevOps@793f29ff]" started-at="2021-09-05T20:43:25 IST" name="f" finished-at="2021-09-05T20:43:25 IST" duration-ms="12" status="PASS">
          <reporter-output>
          </reporter-output>
        </test-method> <!-- f -->
        <test-method is-config="true" signature="afterTest()[pri:0, instance:TestNGDevops.TestNGDevOps@793f29ff]" started-at="2021-09-05T20:43:25 IST" name="afterTest" finished-at="2021-09-05T20:43:25 IST" duration-ms="1" status="PASS">
          <reporter-output>
          </reporter-output>
        </test-method> <!-- afterTest -->
      </class> <!-- TestNGDevops.TestNGDevOps -->
    </test> <!-- Test -->
  </suite> <!-- Suite -->
</testng-results>
